Arguments: 
  /home/falguni/.nvm/versions/node/v13.9.0/bin/node /usr/share/yarn/bin/yarn.js add tailwindcss -

PATH: 
  /home/falguni/.nvm/versions/node/v13.9.0/bin:/home/falguni/.yarn/bin:/home/falguni/.config/yarn/global/node_modules/.bin:/home/falguni/.rbenv/shims:/home/falguni/.rbenv/shims:/home/falguni/.rbenv/bin:/usr/local/sbin:/usr/local/bin:/usr/sbin:/usr/bin:/sbin:/bin:/usr/games:/usr/local/games:/snap/bin

Yarn version: 
  1.21.1

Node version: 
  13.9.0

Platform: 
  linux x64

Trace: 
  Error: https://skimdb.npmjs.com/registry/-: not_found
      at Request.params.callback [as _callback] (/usr/share/yarn/lib/cli.js:66947:18)
      at Request.self.callback (/usr/share/yarn/lib/cli.js:140665:22)
      at Request.emit (events.js:321:20)
      at Request.<anonymous> (/usr/share/yarn/lib/cli.js:141637:10)
      at Request.emit (events.js:321:20)
      at IncomingMessage.<anonymous> (/usr/share/yarn/lib/cli.js:141559:12)
      at Object.onceWrapper (events.js:427:28)
      at IncomingMessage.emit (events.js:333:22)
      at endReadableNT (_stream_readable.js:1201:12)
      at processTicksAndRejections (internal/process/task_queues.js:84:21)

npm manifest: 
  No manifest

yarn manifest: 
  No manifest

Lockfile: 
  No lockfile
